<?xml version="1.0" encoding="UTF-8"?>
<testsuite xmlns:xsi="http://www.w3.org/2001/XMLSchema-instance" xsi:noNamespaceSchemaLocation="https://maven.apache.org/surefire/maven-surefire-plugin/xsd/surefire-test-report-3.0.xsd" version="3.0" name="com.workshop.ctdd.testdoubles.TestSomeComplexComputation" time="0.388" tests="4" errors="0" skipped="0" failures="0">
  <properties>
    <property name="java.specification.version" value="17"/>
    <property name="sun.cpu.isalist" value="amd64"/>
    <property name="sun.jnu.encoding" value="Cp1252"/>
    <property name="java.class.path" value="S:\techleadbootcamp\AgileSoftwareCraftsmanshipCaseStudies-main\MUTATION\target\test-classes;S:\techleadbootcamp\AgileSoftwareCraftsmanshipCaseStudies-main\MUTATION\target\classes;C:\Users\dayal\.m2\repository\junit\junit\4.6\junit-4.6.jar;C:\Users\dayal\.m2\repository\org\mockito\mockito-core\2.22.0\mockito-core-2.22.0.jar;C:\Users\dayal\.m2\repository\net\bytebuddy\byte-buddy\1.8.21\byte-buddy-1.8.21.jar;C:\Users\dayal\.m2\repository\net\bytebuddy\byte-buddy-agent\1.8.21\byte-buddy-agent-1.8.21.jar;C:\Users\dayal\.m2\repository\org\objenesis\objenesis\2.6\objenesis-2.6.jar;"/>
    <property name="java.vm.vendor" value="Eclipse Adoptium"/>
    <property name="sun.arch.data.model" value="64"/>
    <property name="user.variant" value=""/>
    <property name="java.vendor.url" value="https://adoptium.net/"/>
    <property name="user.timezone" value="Asia/Calcutta"/>
    <property name="os.name" value="Windows 11"/>
    <property name="java.vm.specification.version" value="17"/>
    <property name="sun.java.launcher" value="SUN_STANDARD"/>
    <property name="user.country" value="IN"/>
    <property name="sun.boot.library.path" value="C:\softwares\sts-4.22.0.RELEASE\plugins\org.eclipse.justj.openjdk.hotspot.jre.full.win32.x86_64_17.0.10.v20240120-1143\jre\bin"/>
    <property name="sun.java.command" value="C:\Users\dayal\AppData\Local\Temp\surefire1418026793145336846\surefirebooter-20240412203746870_3.jar C:\Users\dayal\AppData\Local\Temp\surefire1418026793145336846 2024-04-12T20-37-46_593-jvmRun1 surefire-20240412203746870_1tmp surefire_0-20240412203746870_2tmp"/>
    <property name="jdk.debug" value="release"/>
    <property name="surefire.test.class.path" value="S:\techleadbootcamp\AgileSoftwareCraftsmanshipCaseStudies-main\MUTATION\target\test-classes;S:\techleadbootcamp\AgileSoftwareCraftsmanshipCaseStudies-main\MUTATION\target\classes;C:\Users\dayal\.m2\repository\junit\junit\4.6\junit-4.6.jar;C:\Users\dayal\.m2\repository\org\mockito\mockito-core\2.22.0\mockito-core-2.22.0.jar;C:\Users\dayal\.m2\repository\net\bytebuddy\byte-buddy\1.8.21\byte-buddy-1.8.21.jar;C:\Users\dayal\.m2\repository\net\bytebuddy\byte-buddy-agent\1.8.21\byte-buddy-agent-1.8.21.jar;C:\Users\dayal\.m2\repository\org\objenesis\objenesis\2.6\objenesis-2.6.jar;"/>
    <property name="sun.cpu.endian" value="little"/>
    <property name="user.home" value="C:\Users\dayal"/>
    <property name="user.language" value="en"/>
    <property name="java.specification.vendor" value="Oracle Corporation"/>
    <property name="java.version.date" value="2024-01-16"/>
    <property name="java.home" value="C:\softwares\sts-4.22.0.RELEASE\plugins\org.eclipse.justj.openjdk.hotspot.jre.full.win32.x86_64_17.0.10.v20240120-1143\jre"/>
    <property name="file.separator" value="\"/>
    <property name="style.color" value="always"/>
    <property name="basedir" value="S:\techleadbootcamp\AgileSoftwareCraftsmanshipCaseStudies-main\MUTATION"/>
    <property name="java.vm.compressedOopsMode" value="Zero based"/>
    <property name="line.separator" value="&#10;"/>
    <property name="java.vm.specification.vendor" value="Oracle Corporation"/>
    <property name="java.specification.name" value="Java Platform API Specification"/>
    <property name="surefire.real.class.path" value="C:\Users\dayal\AppData\Local\Temp\surefire1418026793145336846\surefirebooter-20240412203746870_3.jar"/>
    <property name="user.script" value=""/>
    <property name="sun.management.compiler" value="HotSpot 64-Bit Tiered Compilers"/>
    <property name="java.runtime.version" value="17.0.10+7"/>
    <property name="user.name" value="dayal"/>
    <property name="path.separator" value=";"/>
    <property name="os.version" value="10.0"/>
    <property name="java.runtime.name" value="OpenJDK Runtime Environment"/>
    <property name="file.encoding" value="Cp1252"/>
    <property name="java.vm.name" value="OpenJDK 64-Bit Server VM"/>
    <property name="java.vendor.version" value="Temurin-17.0.10+7"/>
    <property name="localRepository" value="C:\Users\dayal\.m2\repository"/>
    <property name="java.vendor.url.bug" value="https://github.com/adoptium/adoptium-support/issues"/>
    <property name="java.io.tmpdir" value="C:\Users\dayal\AppData\Local\Temp\"/>
    <property name="java.version" value="17.0.10"/>
    <property name="user.dir" value="S:\techleadbootcamp\AgileSoftwareCraftsmanshipCaseStudies-main\MUTATION"/>
    <property name="os.arch" value="amd64"/>
    <property name="java.vm.specification.name" value="Java Virtual Machine Specification"/>
    <property name="sun.os.patch.level" value=""/>
    <property name="native.encoding" value="Cp1252"/>
    <property name="java.library.path" value="C:\softwares\sts-4.22.0.RELEASE\plugins\org.eclipse.justj.openjdk.hotspot.jre.full.win32.x86_64_17.0.10.v20240120-1143\jre\bin;C:\WINDOWS\Sun\Java\bin;C:\WINDOWS\system32;C:\WINDOWS;C:/softwares/sts-4.22.0.RELEASE//plugins/org.eclipse.justj.openjdk.hotspot.jre.full.win32.x86_64_17.0.10.v20240120-1143/jre/bin/server;C:/softwares/sts-4.22.0.RELEASE//plugins/org.eclipse.justj.openjdk.hotspot.jre.full.win32.x86_64_17.0.10.v20240120-1143/jre/bin;C:\Program Files\Common Files\Oracle\Java\javapath;C:\Program Files (x86)\Common Files\Oracle\Java\javapath;C:\Windows\system32;C:\Windows;C:\Windows\System32\Wbem;C:\Windows\System32\WindowsPowerShell\v1.0\;C:\Windows\System32\OpenSSH\;C:\Program Files (x86)\NVIDIA Corporation\PhysX\Common;C:\Program Files\NVIDIA Corporation\NVIDIA NvDLISR;C:\Program Files\Intel\WiFi\bin\;C:\Program Files\Common Files\Intel\WirelessCommon\;C:\WINDOWS\system32;C:\WINDOWS;C:\WINDOWS\System32\Wbem;C:\WINDOWS\System32\WindowsPowerShell\v1.0\;C:\WINDOWS\System32\OpenSSH\;C:\Program Files\Java\jdk-17\bin;C:\Program Files\Docker\Docker\resources\bin;C:\Program Files\Kubernetes\Minikube;C:\Program Files\Git\cmd;C:\WINDOWS\system32;C:\WINDOWS;C:\WINDOWS\System32\Wbem;C:\WINDOWS\System32\WindowsPowerShell\v1.0\;C:\WINDOWS\System32\OpenSSH\;C:\Users\dayal\AppData\Local\Microsoft\WindowsApps;C:\softwares\kubernetes;C:\Users\dayal\AppData\Local\GitHubDesktop\bin;;C:\softwares\sts-4.22.0.RELEASE;;."/>
    <property name="java.vm.info" value="mixed mode"/>
    <property name="java.vendor" value="Eclipse Adoptium"/>
    <property name="java.vm.version" value="17.0.10+7"/>
    <property name="sun.io.unicode.encoding" value="UnicodeLittle"/>
    <property name="java.class.version" value="61.0"/>
  </properties>
  <testcase name="testComputeWithEvenSeed" classname="com.workshop.ctdd.testdoubles.TestSomeComplexComputation" time="0.006"/>
  <testcase name="testComputeWithOddSeed" classname="com.workshop.ctdd.testdoubles.TestSomeComplexComputation" time="0.0"/>
  <testcase name="testComputeWithEvenSeedShouldCallStrategyA" classname="com.workshop.ctdd.testdoubles.TestSomeComplexComputation" time="0.346"/>
  <testcase name="testComputeWithOddSeedShouldCallStrategyB" classname="com.workshop.ctdd.testdoubles.TestSomeComplexComputation" time="0.0"/>
</testsuite>